[INFO] Scanning for projects...
[INFO] 
[INFO] --------------------------< com.blog:backend >--------------------------
[INFO] Building blog-backend 0.0.1-SNAPSHOT
[INFO] --------------------------------[ jar ]---------------------------------
[INFO] 
[INFO] >>> spring-boot-maven-plugin:3.2.2:run (default-cli) > test-compile @ backend >>>
[INFO] 
[INFO] --- maven-resources-plugin:3.3.1:resources (default-resources) @ backend ---
[INFO] Copying 1 resource from src/main/resources to target/classes
[INFO] Copying 0 resource from src/main/resources to target/classes
[INFO] 
[INFO] --- maven-compiler-plugin:3.11.0:compile (default-compile) @ backend ---
[INFO] Nothing to compile - all classes are up to date
[INFO] 
[INFO] --- maven-resources-plugin:3.3.1:testResources (default-testResources) @ backend ---
[INFO] skip non existing resourceDirectory /Users/fengruxue/Documents/traeguowai/web/blog/backend/src/test/resources
[INFO] 
[INFO] --- maven-compiler-plugin:3.11.0:testCompile (default-testCompile) @ backend ---
[INFO] No sources to compile
[INFO] 
[INFO] <<< spring-boot-maven-plugin:3.2.2:run (default-cli) < test-compile @ backend <<<
[INFO] 
[INFO] 
[INFO] --- spring-boot-maven-plugin:3.2.2:run (default-cli) @ backend ---
[INFO] Attaching agents: []

  .   ____          _            __ _ _
 /\\ / ___'_ __ _ _(_)_ __  __ _ \ \ \ \
( ( )\___ | '_ | '_| | '_ \/ _` | \ \ \ \
 \\/  ___)| |_)| | | | | || (_| |  ) ) ) )
  '  |____| .__|_| |_|_| |_\__, | / / / /
 =========|_|==============|___/=/_/_/_/
[32m :: Spring Boot :: [39m              [2m (v3.2.2)[0;39m

[2m2026-01-16T15:45:43.400+08:00[0;39m [32m INFO[0;39m [35m43319[0;39m [2m---[0;39m [2m[blog-backend] [           main][0;39m [2m[0;39m[36mcom.blog.backend.BackendApplication     [0;39m [2m:[0;39m Starting BackendApplication using Java 22.0.2 with PID 43319 (/Users/fengruxue/Documents/traeguowai/web/blog/backend/target/classes started by fengruxue in /Users/fengruxue/Documents/traeguowai/web/blog/backend)
[2m2026-01-16T15:45:43.401+08:00[0;39m [32m INFO[0;39m [35m43319[0;39m [2m---[0;39m [2m[blog-backend] [           main][0;39m [2m[0;39m[36mcom.blog.backend.BackendApplication     [0;39m [2m:[0;39m No active profile set, falling back to 1 default profile: "default"
[2m2026-01-16T15:45:44.060+08:00[0;39m [32m INFO[0;39m [35m43319[0;39m [2m---[0;39m [2m[blog-backend] [           main][0;39m [2m[0;39m[36m.s.d.r.c.RepositoryConfigurationDelegate[0;39m [2m:[0;39m Bootstrapping Spring Data JPA repositories in DEFAULT mode.
[2m2026-01-16T15:45:44.129+08:00[0;39m [32m INFO[0;39m [35m43319[0;39m [2m---[0;39m [2m[blog-backend] [           main][0;39m [2m[0;39m[36m.s.d.r.c.RepositoryConfigurationDelegate[0;39m [2m:[0;39m Finished Spring Data repository scanning in 61 ms. Found 6 JPA repository interfaces.
[2m2026-01-16T15:45:44.749+08:00[0;39m [32m INFO[0;39m [35m43319[0;39m [2m---[0;39m [2m[blog-backend] [           main][0;39m [2m[0;39m[36mo.s.b.w.embedded.tomcat.TomcatWebServer [0;39m [2m:[0;39m Tomcat initialized with port 8080 (http)
[2m2026-01-16T15:45:44.763+08:00[0;39m [32m INFO[0;39m [35m43319[0;39m [2m---[0;39m [2m[blog-backend] [           main][0;39m [2m[0;39m[36mo.apache.catalina.core.StandardService  [0;39m [2m:[0;39m Starting service [Tomcat]
[2m2026-01-16T15:45:44.764+08:00[0;39m [32m INFO[0;39m [35m43319[0;39m [2m---[0;39m [2m[blog-backend] [           main][0;39m [2m[0;39m[36mo.apache.catalina.core.StandardEngine   [0;39m [2m:[0;39m Starting Servlet engine: [Apache Tomcat/10.1.18]
[2m2026-01-16T15:45:44.821+08:00[0;39m [32m INFO[0;39m [35m43319[0;39m [2m---[0;39m [2m[blog-backend] [           main][0;39m [2m[0;39m[36mo.a.c.c.C.[Tomcat].[localhost].[/]      [0;39m [2m:[0;39m Initializing Spring embedded WebApplicationContext
[2m2026-01-16T15:45:44.821+08:00[0;39m [32m INFO[0;39m [35m43319[0;39m [2m---[0;39m [2m[blog-backend] [           main][0;39m [2m[0;39m[36mw.s.c.ServletWebServerApplicationContext[0;39m [2m:[0;39m Root WebApplicationContext: initialization completed in 1381 ms
[2m2026-01-16T15:45:44.985+08:00[0;39m [32m INFO[0;39m [35m43319[0;39m [2m---[0;39m [2m[blog-backend] [           main][0;39m [2m[0;39m[36mo.hibernate.jpa.internal.util.LogHelper [0;39m [2m:[0;39m HHH000204: Processing PersistenceUnitInfo [name: default]
[2m2026-01-16T15:45:45.057+08:00[0;39m [32m INFO[0;39m [35m43319[0;39m [2m---[0;39m [2m[blog-backend] [           main][0;39m [2m[0;39m[36morg.hibernate.Version                   [0;39m [2m:[0;39m HHH000412: Hibernate ORM core version 6.4.1.Final
[2m2026-01-16T15:45:45.089+08:00[0;39m [32m INFO[0;39m [35m43319[0;39m [2m---[0;39m [2m[blog-backend] [           main][0;39m [2m[0;39m[36mo.h.c.internal.RegionFactoryInitiator   [0;39m [2m:[0;39m HHH000026: Second-level cache disabled
[2m2026-01-16T15:45:45.304+08:00[0;39m [32m INFO[0;39m [35m43319[0;39m [2m---[0;39m [2m[blog-backend] [           main][0;39m [2m[0;39m[36mo.s.o.j.p.SpringPersistenceUnitInfo     [0;39m [2m:[0;39m No LoadTimeWeaver setup: ignoring JPA class transformer
[2m2026-01-16T15:45:45.331+08:00[0;39m [32m INFO[0;39m [35m43319[0;39m [2m---[0;39m [2m[blog-backend] [           main][0;39m [2m[0;39m[36mcom.zaxxer.hikari.HikariDataSource      [0;39m [2m:[0;39m HikariPool-1 - Starting...
[2m2026-01-16T15:45:45.502+08:00[0;39m [32m INFO[0;39m [35m43319[0;39m [2m---[0;39m [2m[blog-backend] [           main][0;39m [2m[0;39m[36mcom.zaxxer.hikari.pool.HikariPool       [0;39m [2m:[0;39m HikariPool-1 - Added connection com.mysql.cj.jdbc.ConnectionImpl@30fbc23
[2m2026-01-16T15:45:45.504+08:00[0;39m [32m INFO[0;39m [35m43319[0;39m [2m---[0;39m [2m[blog-backend] [           main][0;39m [2m[0;39m[36mcom.zaxxer.hikari.HikariDataSource      [0;39m [2m:[0;39m HikariPool-1 - Start completed.
[2m2026-01-16T15:45:45.589+08:00[0;39m [33m WARN[0;39m [35m43319[0;39m [2m---[0;39m [2m[blog-backend] [           main][0;39m [2m[0;39m[36morg.hibernate.orm.deprecation           [0;39m [2m:[0;39m HHH90000025: MySQLDialect does not need to be specified explicitly using 'hibernate.dialect' (remove the property setting and it will be selected by default)
[2m2026-01-16T15:45:46.654+08:00[0;39m [32m INFO[0;39m [35m43319[0;39m [2m---[0;39m [2m[blog-backend] [           main][0;39m [2m[0;39m[36mo.h.e.t.j.p.i.JtaPlatformInitiator      [0;39m [2m:[0;39m HHH000489: No JTA platform available (set 'hibernate.transaction.jta.platform' to enable JTA platform integration)
[2m2026-01-16T15:45:46.809+08:00[0;39m [32m INFO[0;39m [35m43319[0;39m [2m---[0;39m [2m[blog-backend] [           main][0;39m [2m[0;39m[36mj.LocalContainerEntityManagerFactoryBean[0;39m [2m:[0;39m Initialized JPA EntityManagerFactory for persistence unit 'default'
[2m2026-01-16T15:45:47.293+08:00[0;39m [32m INFO[0;39m [35m43319[0;39m [2m---[0;39m [2m[blog-backend] [           main][0;39m [2m[0;39m[36mo.s.d.j.r.query.QueryEnhancerFactory    [0;39m [2m:[0;39m Hibernate is in classpath; If applicable, HQL parser will be used.
[2m2026-01-16T15:45:48.149+08:00[0;39m [33m WARN[0;39m [35m43319[0;39m [2m---[0;39m [2m[blog-backend] [           main][0;39m [2m[0;39m[36mJpaBaseConfiguration$JpaWebConfiguration[0;39m [2m:[0;39m spring.jpa.open-in-view is enabled by default. Therefore, database queries may be performed during view rendering. Explicitly configure spring.jpa.open-in-view to disable this warning
[2m2026-01-16T15:45:48.423+08:00[0;39m [32m INFO[0;39m [35m43319[0;39m [2m---[0;39m [2m[blog-backend] [           main][0;39m [2m[0;39m[36mo.s.s.web.DefaultSecurityFilterChain    [0;39m [2m:[0;39m Will secure any request with [org.springframework.security.web.session.DisableEncodeUrlFilter@5d6de24e, org.springframework.security.web.context.request.async.WebAsyncManagerIntegrationFilter@3acd06b0, org.springframework.security.web.context.SecurityContextHolderFilter@659f5f32, org.springframework.security.web.header.HeaderWriterFilter@113b39e9, org.springframework.web.filter.CorsFilter@2fd05b15, org.springframework.security.web.authentication.logout.LogoutFilter@6eec092, com.blog.backend.security.AuthTokenFilter@4faaff61, org.springframework.security.web.savedrequest.RequestCacheAwareFilter@3e0575a2, org.springframework.security.web.servletapi.SecurityContextHolderAwareRequestFilter@65589d76, org.springframework.security.web.authentication.AnonymousAuthenticationFilter@796eeafb, org.springframework.security.web.session.SessionManagementFilter@71669835, org.springframework.security.web.access.ExceptionTranslationFilter@107ac2b6, org.springframework.security.web.access.intercept.AuthorizationFilter@5f8c319]
[2m2026-01-16T15:45:48.799+08:00[0;39m [32m INFO[0;39m [35m43319[0;39m [2m---[0;39m [2m[blog-backend] [           main][0;39m [2m[0;39m[36mo.s.b.w.embedded.tomcat.TomcatWebServer [0;39m [2m:[0;39m Tomcat started on port 8080 (http) with context path ''
[2m2026-01-16T15:45:48.806+08:00[0;39m [32m INFO[0;39m [35m43319[0;39m [2m---[0;39m [2m[blog-backend] [           main][0;39m [2m[0;39m[36mcom.blog.backend.BackendApplication     [0;39m [2m:[0;39m Started BackendApplication in 5.863 seconds (process running for 6.224)
Hibernate: select count(*) from users u1_0
Hibernate: select u1_0.id,u1_0.avatar,u1_0.bio,u1_0.created_at,u1_0.email,u1_0.nickname,u1_0.password,u1_0.role,u1_0.updated_at,u1_0.username from users u1_0 where u1_0.username=?
Hibernate: select u1_0.id,u1_0.avatar,u1_0.bio,u1_0.created_at,u1_0.email,u1_0.nickname,u1_0.password,u1_0.role,u1_0.updated_at,u1_0.username from users u1_0 where u1_0.id=?
Hibernate: update users set avatar=?,bio=?,created_at=?,email=?,nickname=?,password=?,role=?,updated_at=?,username=? where id=?
Hibernate: select count(*) from articles a1_0
Hibernate: select a1_0.id,a1_0.user_id,a1_0.category_id,a1_0.content,a1_0.content_blocks,a1_0.cover_image,a1_0.created_at,a1_0.is_draft,a1_0.is_featured,a1_0.like_count,a1_0.price,a1_0.published_at,a1_0.seo_description,a1_0.seo_keywords,a1_0.seo_title,a1_0.summary,a1_0.title,a1_0.updated_at,a1_0.view_count from articles a1_0
Hibernate: select c1_0.id,c1_0.description,c1_0.name from categories c1_0 where c1_0.id=?
Hibernate: select c1_0.id,c1_0.description,c1_0.name from categories c1_0 where c1_0.id=?
Hibernate: select t1_0.article_id,t1_1.id,t1_1.name from article_tags t1_0 join tags t1_1 on t1_1.id=t1_0.tag_id where t1_0.article_id=?
Hibernate: select t1_0.article_id,t1_1.id,t1_1.name from article_tags t1_0 join tags t1_1 on t1_1.id=t1_0.tag_id where t1_0.article_id=?
Hibernate: select t1_0.article_id,t1_1.id,t1_1.name from article_tags t1_0 join tags t1_1 on t1_1.id=t1_0.tag_id where t1_0.article_id=?
Hibernate: select t1_0.article_id,t1_1.id,t1_1.name from article_tags t1_0 join tags t1_1 on t1_1.id=t1_0.tag_id where t1_0.article_id=?
Hibernate: select t1_0.article_id,t1_1.id,t1_1.name from article_tags t1_0 join tags t1_1 on t1_1.id=t1_0.tag_id where t1_0.article_id=?
Hibernate: select t1_0.article_id,t1_1.id,t1_1.name from article_tags t1_0 join tags t1_1 on t1_1.id=t1_0.tag_id where t1_0.article_id=?
Hibernate: select t1_0.article_id,t1_1.id,t1_1.name from article_tags t1_0 join tags t1_1 on t1_1.id=t1_0.tag_id where t1_0.article_id=?
Hibernate: select t1_0.article_id,t1_1.id,t1_1.name from article_tags t1_0 join tags t1_1 on t1_1.id=t1_0.tag_id where t1_0.article_id=?
Hibernate: select t1_0.article_id,t1_1.id,t1_1.name from article_tags t1_0 join tags t1_1 on t1_1.id=t1_0.tag_id where t1_0.article_id=?
Hibernate: select t1_0.article_id,t1_1.id,t1_1.name from article_tags t1_0 join tags t1_1 on t1_1.id=t1_0.tag_id where t1_0.article_id=?
Hibernate: select t1_0.article_id,t1_1.id,t1_1.name from article_tags t1_0 join tags t1_1 on t1_1.id=t1_0.tag_id where t1_0.article_id=?
Hibernate: select t1_0.article_id,t1_1.id,t1_1.name from article_tags t1_0 join tags t1_1 on t1_1.id=t1_0.tag_id where t1_0.article_id=?
Hibernate: select t1_0.article_id,t1_1.id,t1_1.name from article_tags t1_0 join tags t1_1 on t1_1.id=t1_0.tag_id where t1_0.article_id=?
Hibernate: select t1_0.article_id,t1_1.id,t1_1.name from article_tags t1_0 join tags t1_1 on t1_1.id=t1_0.tag_id where t1_0.article_id=?
Hibernate: select t1_0.article_id,t1_1.id,t1_1.name from article_tags t1_0 join tags t1_1 on t1_1.id=t1_0.tag_id where t1_0.article_id=?
Hibernate: select t1_0.article_id,t1_1.id,t1_1.name from article_tags t1_0 join tags t1_1 on t1_1.id=t1_0.tag_id where t1_0.article_id=?
Hibernate: select t1_0.article_id,t1_1.id,t1_1.name from article_tags t1_0 join tags t1_1 on t1_1.id=t1_0.tag_id where t1_0.article_id=?
Hibernate: select t1_0.article_id,t1_1.id,t1_1.name from article_tags t1_0 join tags t1_1 on t1_1.id=t1_0.tag_id where t1_0.article_id=?
Hibernate: select t1_0.article_id,t1_1.id,t1_1.name from article_tags t1_0 join tags t1_1 on t1_1.id=t1_0.tag_id where t1_0.article_id=?
Hibernate: select t1_0.article_id,t1_1.id,t1_1.name from article_tags t1_0 join tags t1_1 on t1_1.id=t1_0.tag_id where t1_0.article_id=?
Hibernate: select t1_0.article_id,t1_1.id,t1_1.name from article_tags t1_0 join tags t1_1 on t1_1.id=t1_0.tag_id where t1_0.article_id=?
Hibernate: select t1_0.article_id,t1_1.id,t1_1.name from article_tags t1_0 join tags t1_1 on t1_1.id=t1_0.tag_id where t1_0.article_id=?
Hibernate: select t1_0.article_id,t1_1.id,t1_1.name from article_tags t1_0 join tags t1_1 on t1_1.id=t1_0.tag_id where t1_0.article_id=?
Hibernate: select t1_0.article_id,t1_1.id,t1_1.name from article_tags t1_0 join tags t1_1 on t1_1.id=t1_0.tag_id where t1_0.article_id=?
Hibernate: select t1_0.article_id,t1_1.id,t1_1.name from article_tags t1_0 join tags t1_1 on t1_1.id=t1_0.tag_id where t1_0.article_id=?
Hibernate: select t1_0.article_id,t1_1.id,t1_1.name from article_tags t1_0 join tags t1_1 on t1_1.id=t1_0.tag_id where t1_0.article_id=?
Hibernate: select t1_0.article_id,t1_1.id,t1_1.name from article_tags t1_0 join tags t1_1 on t1_1.id=t1_0.tag_id where t1_0.article_id=?
Hibernate: select t1_0.article_id,t1_1.id,t1_1.name from article_tags t1_0 join tags t1_1 on t1_1.id=t1_0.tag_id where t1_0.article_id=?
Hibernate: select t1_0.article_id,t1_1.id,t1_1.name from article_tags t1_0 join tags t1_1 on t1_1.id=t1_0.tag_id where t1_0.article_id=?
Hibernate: select t1_0.article_id,t1_1.id,t1_1.name from article_tags t1_0 join tags t1_1 on t1_1.id=t1_0.tag_id where t1_0.article_id=?
Hibernate: select t1_0.article_id,t1_1.id,t1_1.name from article_tags t1_0 join tags t1_1 on t1_1.id=t1_0.tag_id where t1_0.article_id=?
Hibernate: select t1_0.article_id,t1_1.id,t1_1.name from article_tags t1_0 join tags t1_1 on t1_1.id=t1_0.tag_id where t1_0.article_id=?
Hibernate: select t1_0.article_id,t1_1.id,t1_1.name from article_tags t1_0 join tags t1_1 on t1_1.id=t1_0.tag_id where t1_0.article_id=?
Hibernate: select t1_0.article_id,t1_1.id,t1_1.name from article_tags t1_0 join tags t1_1 on t1_1.id=t1_0.tag_id where t1_0.article_id=?
Hibernate: select t1_0.article_id,t1_1.id,t1_1.name from article_tags t1_0 join tags t1_1 on t1_1.id=t1_0.tag_id where t1_0.article_id=?
Hibernate: select t1_0.article_id,t1_1.id,t1_1.name from article_tags t1_0 join tags t1_1 on t1_1.id=t1_0.tag_id where t1_0.article_id=?
Hibernate: select t1_0.article_id,t1_1.id,t1_1.name from article_tags t1_0 join tags t1_1 on t1_1.id=t1_0.tag_id where t1_0.article_id=?
Hibernate: select t1_0.article_id,t1_1.id,t1_1.name from article_tags t1_0 join tags t1_1 on t1_1.id=t1_0.tag_id where t1_0.article_id=?
Hibernate: select t1_0.article_id,t1_1.id,t1_1.name from article_tags t1_0 join tags t1_1 on t1_1.id=t1_0.tag_id where t1_0.article_id=?
Hibernate: select t1_0.article_id,t1_1.id,t1_1.name from article_tags t1_0 join tags t1_1 on t1_1.id=t1_0.tag_id where t1_0.article_id=?
Hibernate: select t1_0.article_id,t1_1.id,t1_1.name from article_tags t1_0 join tags t1_1 on t1_1.id=t1_0.tag_id where t1_0.article_id=?
Hibernate: select t1_0.article_id,t1_1.id,t1_1.name from article_tags t1_0 join tags t1_1 on t1_1.id=t1_0.tag_id where t1_0.article_id=?
Hibernate: select t1_0.article_id,t1_1.id,t1_1.name from article_tags t1_0 join tags t1_1 on t1_1.id=t1_0.tag_id where t1_0.article_id=?
Hibernate: select t1_0.article_id,t1_1.id,t1_1.name from article_tags t1_0 join tags t1_1 on t1_1.id=t1_0.tag_id where t1_0.article_id=?
Hibernate: select t1_0.article_id,t1_1.id,t1_1.name from article_tags t1_0 join tags t1_1 on t1_1.id=t1_0.tag_id where t1_0.article_id=?
Hibernate: select t1_0.article_id,t1_1.id,t1_1.name from article_tags t1_0 join tags t1_1 on t1_1.id=t1_0.tag_id where t1_0.article_id=?
Hibernate: select t1_0.article_id,t1_1.id,t1_1.name from article_tags t1_0 join tags t1_1 on t1_1.id=t1_0.tag_id where t1_0.article_id=?
Hibernate: select t1_0.article_id,t1_1.id,t1_1.name from article_tags t1_0 join tags t1_1 on t1_1.id=t1_0.tag_id where t1_0.article_id=?
Hibernate: select t1_0.article_id,t1_1.id,t1_1.name from article_tags t1_0 join tags t1_1 on t1_1.id=t1_0.tag_id where t1_0.article_id=?
Hibernate: select t1_0.article_id,t1_1.id,t1_1.name from article_tags t1_0 join tags t1_1 on t1_1.id=t1_0.tag_id where t1_0.article_id=?
Hibernate: select t1_0.article_id,t1_1.id,t1_1.name from article_tags t1_0 join tags t1_1 on t1_1.id=t1_0.tag_id where t1_0.article_id=?
Hibernate: select t1_0.article_id,t1_1.id,t1_1.name from article_tags t1_0 join tags t1_1 on t1_1.id=t1_0.tag_id where t1_0.article_id=?
Hibernate: select t1_0.article_id,t1_1.id,t1_1.name from article_tags t1_0 join tags t1_1 on t1_1.id=t1_0.tag_id where t1_0.article_id=?
Hibernate: select t1_0.article_id,t1_1.id,t1_1.name from article_tags t1_0 join tags t1_1 on t1_1.id=t1_0.tag_id where t1_0.article_id=?
Hibernate: select t1_0.article_id,t1_1.id,t1_1.name from article_tags t1_0 join tags t1_1 on t1_1.id=t1_0.tag_id where t1_0.article_id=?
Hibernate: select t1_0.article_id,t1_1.id,t1_1.name from article_tags t1_0 join tags t1_1 on t1_1.id=t1_0.tag_id where t1_0.article_id=?
Hibernate: select t1_0.article_id,t1_1.id,t1_1.name from article_tags t1_0 join tags t1_1 on t1_1.id=t1_0.tag_id where t1_0.article_id=?
Hibernate: select t1_0.article_id,t1_1.id,t1_1.name from article_tags t1_0 join tags t1_1 on t1_1.id=t1_0.tag_id where t1_0.article_id=?
Hibernate: select t1_0.article_id,t1_1.id,t1_1.name from article_tags t1_0 join tags t1_1 on t1_1.id=t1_0.tag_id where t1_0.article_id=?
Hibernate: select t1_0.article_id,t1_1.id,t1_1.name from article_tags t1_0 join tags t1_1 on t1_1.id=t1_0.tag_id where t1_0.article_id=?
Hibernate: select t1_0.article_id,t1_1.id,t1_1.name from article_tags t1_0 join tags t1_1 on t1_1.id=t1_0.tag_id where t1_0.article_id=?
[2m2026-01-16T15:46:08.763+08:00[0;39m [32m INFO[0;39m [35m43319[0;39m [2m---[0;39m [2m[blog-backend] [ionShutdownHook][0;39m [2m[0;39m[36mj.LocalContainerEntityManagerFactoryBean[0;39m [2m:[0;39m Closing JPA EntityManagerFactory for persistence unit 'default'
[2m2026-01-16T15:46:08.766+08:00[0;39m [32m INFO[0;39m [35m43319[0;39m [2m---[0;39m [2m[blog-backend] [ionShutdownHook][0;39m [2m[0;39m[36mcom.zaxxer.hikari.HikariDataSource      [0;39m [2m:[0;39m HikariPool-1 - Shutdown initiated...
[2m2026-01-16T15:46:08.771+08:00[0;39m [32m INFO[0;39m [35m43319[0;39m [2m---[0;39m [2m[blog-backend] [ionShutdownHook][0;39m [2m[0;39m[36mcom.zaxxer.hikari.HikariDataSource      [0;39m [2m:[0;39m HikariPool-1 - Shutdown completed.
