0 verbose cli /usr/local/bin/node /usr/local/bin/npm
1 info using npm@10.8.1
2 info using node@v20.16.0
3 silly config load:file:/usr/local/lib/node_modules/npm/npmrc
4 silly config load:file:/Users/fengruxue/Documents/traeguowai/APP/QQMusic/.npmrc
5 silly config load:file:/Users/fengruxue/.npmrc
6 silly config load:file:/usr/local/etc/npmrc
7 verbose title npm install
8 verbose argv "install" "--cache" ".npm-cache"
9 verbose logfile logs-max:10 dir:/Users/fengruxue/Documents/traeguowai/APP/QQMusic/.npm-cache/_logs/2026-01-11T09_14_26_615Z-
10 verbose logfile /Users/fengruxue/Documents/traeguowai/APP/QQMusic/.npm-cache/_logs/2026-01-11T09_14_26_615Z-debug-0.log
11 silly packumentCache heap:4345298944 maxSize:1086324736 maxEntrySize:543162368
12 silly logfile done cleaning log files
13 silly idealTree buildDeps
14 silly reify moves {}
15 silly audit report null
16 verbose cwd /Users/fengruxue/Documents/traeguowai/APP/QQMusic
17 verbose os Darwin 23.6.0
18 verbose node v20.16.0
19 verbose npm  v10.8.1
20 verbose exit 0
21 info ok
